<?xml version="1.0" encoding="UTF-8"?>
<!-- Generated by org.testng.reporters.JUnitXMLReporter -->
<testsuite ignored="0" hostname="DESKTOP-JTEEQ9K" failures="0" tests="3" name="Default test" time="99.33" errors="0" timestamp="2024-05-31T00:22:05 IST">
  <testcase classname="test.WhatsNewMenu_Test" name="Verify_SignIn_Page_Title" time="14.756"/>
  <testcase classname="test.WhatsNewMenu_Test" name="Verify_whatsNewMenu_PageTitle" time="26.19"/>
  <testcase classname="test.WhatsNewMenu_Test" name="Verify_WhatsNew_Products_Category" time="40.655"/>
</testsuite> <!-- Default test -->
