<?xml version="1.0" encoding="UTF-8"?>
<testng-results ignored="0" total="3" passed="3" failed="0" skipped="0">
  <reporter-output>
  </reporter-output>
  <suite started-at="2024-05-31T00:20:26 IST" name="Default suite" finished-at="2024-05-31T00:22:05 IST" duration-ms="99330">
    <groups>
    </groups>
    <test started-at="2024-05-31T00:20:26 IST" name="Default test" finished-at="2024-05-31T00:22:05 IST" duration-ms="99330">
      <class name="test.WhatsNewMenu_Test">
        <test-method is-config="true" signature="launchBrowser()[pri:0, instance:test.WhatsNewMenu_Test@5a45133e]" started-at="2024-05-31T00:20:26 IST" name="launchBrowser" finished-at="2024-05-31T00:20:32 IST" duration-ms="6318" status="PASS">
          <reporter-output>
          </reporter-output>
        </test-method> <!-- launchBrowser -->
        <test-method signature="Verify_SignIn_Page_Title()[pri:1, instance:test.WhatsNewMenu_Test@5a45133e]" started-at="2024-05-31T00:20:32 IST" name="Verify_SignIn_Page_Title" finished-at="2024-05-31T00:20:47 IST" duration-ms="14756" status="PASS">
          <reporter-output>
          </reporter-output>
        </test-method> <!-- Verify_SignIn_Page_Title -->
        <test-method is-config="true" signature="close()[pri:0, instance:test.WhatsNewMenu_Test@5a45133e]" started-at="2024-05-31T00:20:47 IST" name="close" finished-at="2024-05-31T00:20:47 IST" duration-ms="463" status="PASS">
          <reporter-output>
          </reporter-output>
        </test-method> <!-- close -->
        <test-method is-config="true" signature="launchBrowser()[pri:0, instance:test.WhatsNewMenu_Test@5a45133e]" started-at="2024-05-31T00:20:47 IST" name="launchBrowser" finished-at="2024-05-31T00:20:52 IST" duration-ms="4971" status="PASS">
          <reporter-output>
          </reporter-output>
        </test-method> <!-- launchBrowser -->
        <test-method signature="Verify_whatsNewMenu_PageTitle()[pri:2, instance:test.WhatsNewMenu_Test@5a45133e]" started-at="2024-05-31T00:20:52 IST" name="Verify_whatsNewMenu_PageTitle" finished-at="2024-05-31T00:21:19 IST" duration-ms="26190" status="PASS">
          <reporter-output>
          </reporter-output>
        </test-method> <!-- Verify_whatsNewMenu_PageTitle -->
        <test-method is-config="true" signature="close()[pri:0, instance:test.WhatsNewMenu_Test@5a45133e]" started-at="2024-05-31T00:21:19 IST" name="close" finished-at="2024-05-31T00:21:19 IST" duration-ms="467" status="PASS">
          <reporter-output>
          </reporter-output>
        </test-method> <!-- close -->
        <test-method is-config="true" signature="launchBrowser()[pri:0, instance:test.WhatsNewMenu_Test@5a45133e]" started-at="2024-05-31T00:21:19 IST" name="launchBrowser" finished-at="2024-05-31T00:21:24 IST" duration-ms="4932" status="PASS">
          <reporter-output>
          </reporter-output>
        </test-method> <!-- launchBrowser -->
        <test-method signature="Verify_WhatsNew_Products_Category()[pri:3, instance:test.WhatsNewMenu_Test@5a45133e]" started-at="2024-05-31T00:21:24 IST" name="Verify_WhatsNew_Products_Category" finished-at="2024-05-31T00:22:05 IST" duration-ms="40655" status="PASS">
          <reporter-output>
          </reporter-output>
        </test-method> <!-- Verify_WhatsNew_Products_Category -->
        <test-method is-config="true" signature="close()[pri:0, instance:test.WhatsNewMenu_Test@5a45133e]" started-at="2024-05-31T00:22:05 IST" name="close" finished-at="2024-05-31T00:22:05 IST" duration-ms="441" status="PASS">
          <reporter-output>
          </reporter-output>
        </test-method> <!-- close -->
      </class> <!-- test.WhatsNewMenu_Test -->
    </test> <!-- Default test -->
  </suite> <!-- Default suite -->
</testng-results>
